<?xml version="1.0" encoding="UTF-8"?>
<!-- Generated by org.testng.reporters.JUnitReportReporter -->
<testsuite hostname="DESKTOP-IF37F16" failures="0" tests="6" name="runner.RunnerOrangeHrm" time="57.880" errors="0" timestamp="2025-04-02T22:02:17 IST" skipped="0">
  <testcase classname="runner.RunnerOrangeHrm" name="runScenario" time="9.603"/>
  <testcase classname="runner.RunnerOrangeHrm" name="runScenario" time="10.642"/>
  <testcase classname="runner.RunnerOrangeHrm" name="runScenario" time="9.577"/>
  <testcase classname="runner.RunnerOrangeHrm" name="runScenario" time="9.528"/>
  <testcase classname="runner.RunnerOrangeHrm" name="runScenario" time="9.033"/>
  <testcase classname="runner.RunnerOrangeHrm" name="runScenario" time="9.497"/>
</testsuite> <!-- runner.RunnerOrangeHrm -->
