<?xml version="1.0" encoding="UTF-8"?>
<!-- Generated by org.testng.reporters.JUnitReportReporter -->
<testsuite hostname="DESKTOP-IF37F16" failures="0" tests="2" name="runner.RunnerOrangeHrm" time="29.915" errors="0" timestamp="2025-04-03T12:19:39 IST" skipped="0">
  <testcase classname="runner.RunnerOrangeHrm" name="runScenario" time="18.871"/>
  <testcase classname="runner.RunnerOrangeHrm" name="runScenario" time="11.044"/>
</testsuite> <!-- runner.RunnerOrangeHrm -->
