<?xml version="1.0" encoding="UTF-8"?>
<!-- Generated by org.testng.reporters.JUnitReportReporter -->
<testsuite hostname="DESKTOP-IF37F16" failures="0" tests="2" name="runner.RunnerOrangeHrm" time="18.935" errors="0" timestamp="2025-04-03T12:31:25 IST" skipped="0">
  <testcase classname="runner.RunnerOrangeHrm" name="runScenario" time="9.811"/>
  <testcase classname="runner.RunnerOrangeHrm" name="runScenario" time="9.124"/>
</testsuite> <!-- runner.RunnerOrangeHrm -->
