<?xml version="1.0" encoding="UTF-8"?>
<!-- Generated by org.testng.reporters.JUnitReportReporter -->
<testsuite hostname="DESKTOP-IF37F16" failures="0" tests="2" name="pack.TestClass" time="6.815" errors="0" timestamp="2025-03-25T19:04:39 IST" skipped="0">
  <testcase classname="pack.TestClass" name="search" time="2.801"/>
  <testcase classname="pack.TestClass" name="search" time="4.014"/>
</testsuite> <!-- pack.TestClass -->
