<?xml version="1.0" encoding="UTF-8"?>
<!-- Generated by org.testng.reporters.JUnitReportReporter -->
<testsuite hostname="DESKTOP-IF37F16" failures="0" tests="4" name="pack.TC2" time="72.631" errors="0" timestamp="2025-03-25T19:07:30 IST" skipped="0">
  <testcase classname="pack.TC2" name="search" time="18.710"/>
  <testcase classname="pack.TC2" name="search" time="18.826"/>
  <testcase classname="pack.TC2" name="search" time="18.276"/>
  <testcase classname="pack.TC2" name="search" time="16.819"/>
</testsuite> <!-- pack.TC2 -->
